The target system is: Linux - 1 - armv7-a
The host system is: Darwin - 11.0.1 - i386
Compiling the C compiler identification source file "CMakeCCompilerId.c" succeeded.
Compiler: /Developer/SDKs/android-ndk-r6/toolchains/arm-linux-androideabi-4.4.3/prebuilt/darwin-x86/bin/arm-linux-androideabi-gcc 
Build flags: --sysroot=/Developer/SDKs/android-ndk-r6/platforms/android-8/arch-arm;-fPIC;-DANDROID;-Wno-psabi;-fsigned-char;-mthumb;-march=armv7-a;-mfloat-abi=softfp
Id flags: 

The output was:
0


Compilation of the C compiler identification source "CMakeCCompilerId.c" produced "a.out"

The C compiler identification is GNU, found in "/workspace/OpenCV-2.3.0/android/apps/FaceRecognition/build/CMakeFiles/CompilerIdC/a.out"

Compiling the CXX compiler identification source file "CMakeCXXCompilerId.cpp" succeeded.
Compiler: /Developer/SDKs/android-ndk-r6/toolchains/arm-linux-androideabi-4.4.3/prebuilt/darwin-x86/bin/arm-linux-androideabi-g++ 
Build flags: --sysroot=/Developer/SDKs/android-ndk-r6/platforms/android-8/arch-arm;-fPIC;-DANDROID;-Wno-psabi;-fsigned-char;-mthumb;-march=armv7-a;-mfloat-abi=softfp
Id flags: 

The output was:
0


Compilation of the CXX compiler identification source "CMakeCXXCompilerId.cpp" produced "a.out"

The CXX compiler identification is GNU, found in "/workspace/OpenCV-2.3.0/android/apps/FaceRecognition/build/CMakeFiles/CompilerIdCXX/a.out"

Determining if the C compiler works passed with the following output:
Change Dir: /workspace/OpenCV-2.3.0/android/apps/FaceRecognition/build/CMakeFiles/CMakeTmp

Run Build Command:/usr/bin/make "cmTryCompileExec/fast"
/usr/bin/make -f CMakeFiles/cmTryCompileExec.dir/build.make CMakeFiles/cmTryCompileExec.dir/build
"/Applications/CMake 2.8-5.app/Contents/bin/cmake" -E cmake_progress_report /workspace/OpenCV-2.3.0/android/apps/FaceRecognition/build/CMakeFiles/CMakeTmp/CMakeFiles 1
Building C object CMakeFiles/cmTryCompileExec.dir/testCCompiler.c.o
/Developer/SDKs/android-ndk-r6/toolchains/arm-linux-androideabi-4.4.3/prebuilt/darwin-x86/bin/arm-linux-androideabi-gcc   --sysroot=/Developer/SDKs/android-ndk-r6/platforms/android-8/arch-arm -fPIC -DANDROID -Wno-psabi -fsigned-char -mthumb -march=armv7-a -mfloat-abi=softfp   -I/Developer/SDKs/android-ndk-r6/sources/cxx-stl/gnu-libstdc++/include -I/Developer/SDKs/android-ndk-r6/sources/cxx-stl/gnu-libstdc++/libs/armeabi-v7a/include    -o CMakeFiles/cmTryCompileExec.dir/testCCompiler.c.o   -c /workspace/OpenCV-2.3.0/android/apps/FaceRecognition/build/CMakeFiles/CMakeTmp/testCCompiler.c
Linking C executable cmTryCompileExec
"/Applications/CMake 2.8-5.app/Contents/bin/cmake" -E cmake_link_script CMakeFiles/cmTryCompileExec.dir/link.txt --verbose=1
/Developer/SDKs/android-ndk-r6/toolchains/arm-linux-androideabi-4.4.3/prebuilt/darwin-x86/bin/arm-linux-androideabi-gcc   --sysroot=/Developer/SDKs/android-ndk-r6/platforms/android-8/arch-arm -fPIC -DANDROID -Wno-psabi -fsigned-char -mthumb -march=armv7-a -mfloat-abi=softfp    -Wl,--no-undefined -Wl,--fix-cortex-a8 -L/Developer/SDKs/android-ndk-r6/sources/cxx-stl/gnu-libstdc++/libs/armeabi-v7a -L/lib -lstdc++ -lsupc++  CMakeFiles/cmTryCompileExec.dir/testCCompiler.c.o  -o cmTryCompileExec -rdynamic 


Detecting C compiler ABI info compiled with the following output:
Change Dir: /workspace/OpenCV-2.3.0/android/apps/FaceRecognition/build/CMakeFiles/CMakeTmp

Run Build Command:/usr/bin/make "cmTryCompileExec/fast"
/usr/bin/make -f CMakeFiles/cmTryCompileExec.dir/build.make CMakeFiles/cmTryCompileExec.dir/build
"/Applications/CMake 2.8-5.app/Contents/bin/cmake" -E cmake_progress_report /workspace/OpenCV-2.3.0/android/apps/FaceRecognition/build/CMakeFiles/CMakeTmp/CMakeFiles 1
Building C object CMakeFiles/cmTryCompileExec.dir/CMakeCCompilerABI.c.o
/Developer/SDKs/android-ndk-r6/toolchains/arm-linux-androideabi-4.4.3/prebuilt/darwin-x86/bin/arm-linux-androideabi-gcc   --sysroot=/Developer/SDKs/android-ndk-r6/platforms/android-8/arch-arm -fPIC -DANDROID -Wno-psabi -fsigned-char -mthumb -march=armv7-a -mfloat-abi=softfp   -I/Developer/SDKs/android-ndk-r6/sources/cxx-stl/gnu-libstdc++/include -I/Developer/SDKs/android-ndk-r6/sources/cxx-stl/gnu-libstdc++/libs/armeabi-v7a/include    -o CMakeFiles/cmTryCompileExec.dir/CMakeCCompilerABI.c.o   -c "/Applications/CMake 2.8-5.app/Contents/share/cmake-2.8/Modules/CMakeCCompilerABI.c"
Linking C executable cmTryCompileExec
"/Applications/CMake 2.8-5.app/Contents/bin/cmake" -E cmake_link_script CMakeFiles/cmTryCompileExec.dir/link.txt --verbose=1
/Developer/SDKs/android-ndk-r6/toolchains/arm-linux-androideabi-4.4.3/prebuilt/darwin-x86/bin/arm-linux-androideabi-gcc   --sysroot=/Developer/SDKs/android-ndk-r6/platforms/android-8/arch-arm -fPIC -DANDROID -Wno-psabi -fsigned-char -mthumb -march=armv7-a -mfloat-abi=softfp    -Wl,--no-undefined -Wl,--fix-cortex-a8 -L/Developer/SDKs/android-ndk-r6/sources/cxx-stl/gnu-libstdc++/libs/armeabi-v7a -L/lib -lstdc++ -lsupc++  CMakeFiles/cmTryCompileExec.dir/CMakeCCompilerABI.c.o  -o cmTryCompileExec -rdynamic  


Parsed C implicit link information from above output:
  link line regex: [^( *|.*[/\])(arm-linux-androideabi-ld|ld|collect2)[^/\]*( |$)]
  ignore line: [Change Dir: /workspace/OpenCV-2.3.0/android/apps/FaceRecognition/build/CMakeFiles/CMakeTmp]
  ignore line: []
  ignore line: [Run Build Command:/usr/bin/make "cmTryCompileExec/fast"]
  ignore line: [/usr/bin/make -f CMakeFiles/cmTryCompileExec.dir/build.make CMakeFiles/cmTryCompileExec.dir/build]
  ignore line: ["/Applications/CMake 2.8-5.app/Contents/bin/cmake" -E cmake_progress_report /workspace/OpenCV-2.3.0/android/apps/FaceRecognition/build/CMakeFiles/CMakeTmp/CMakeFiles 1]
  ignore line: [Building C object CMakeFiles/cmTryCompileExec.dir/CMakeCCompilerABI.c.o]
  ignore line: [/Developer/SDKs/android-ndk-r6/toolchains/arm-linux-androideabi-4.4.3/prebuilt/darwin-x86/bin/arm-linux-androideabi-gcc   --sysroot=/Developer/SDKs/android-ndk-r6/platforms/android-8/arch-arm -fPIC -DANDROID -Wno-psabi -fsigned-char -mthumb -march=armv7-a -mfloat-abi=softfp   -I/Developer/SDKs/android-ndk-r6/sources/cxx-stl/gnu-libstdc++/include -I/Developer/SDKs/android-ndk-r6/sources/cxx-stl/gnu-libstdc++/libs/armeabi-v7a/include    -o CMakeFiles/cmTryCompileExec.dir/CMakeCCompilerABI.c.o   -c "/Applications/CMake 2.8-5.app/Contents/share/cmake-2.8/Modules/CMakeCCompilerABI.c"]
  ignore line: [Linking C executable cmTryCompileExec]
  ignore line: ["/Applications/CMake 2.8-5.app/Contents/bin/cmake" -E cmake_link_script CMakeFiles/cmTryCompileExec.dir/link.txt --verbose=1]
  ignore line: [/Developer/SDKs/android-ndk-r6/toolchains/arm-linux-androideabi-4.4.3/prebuilt/darwin-x86/bin/arm-linux-androideabi-gcc   --sysroot=/Developer/SDKs/android-ndk-r6/platforms/android-8/arch-arm -fPIC -DANDROID -Wno-psabi -fsigned-char -mthumb -march=armv7-a -mfloat-abi=softfp    -Wl,--no-undefined -Wl,--fix-cortex-a8 -L/Developer/SDKs/android-ndk-r6/sources/cxx-stl/gnu-libstdc++/libs/armeabi-v7a -L/lib -lstdc++ -lsupc++  CMakeFiles/cmTryCompileExec.dir/CMakeCCompilerABI.c.o  -o cmTryCompileExec -rdynamic  ]
  ignore line: []
  implicit libs: []
  implicit dirs: []


Determining if the CXX compiler works passed with the following output:
Change Dir: /workspace/OpenCV-2.3.0/android/apps/FaceRecognition/build/CMakeFiles/CMakeTmp

Run Build Command:/usr/bin/make "cmTryCompileExec/fast"
/usr/bin/make -f CMakeFiles/cmTryCompileExec.dir/build.make CMakeFiles/cmTryCompileExec.dir/build
"/Applications/CMake 2.8-5.app/Contents/bin/cmake" -E cmake_progress_report /workspace/OpenCV-2.3.0/android/apps/FaceRecognition/build/CMakeFiles/CMakeTmp/CMakeFiles 1
Building CXX object CMakeFiles/cmTryCompileExec.dir/testCXXCompiler.cxx.o
/Developer/SDKs/android-ndk-r6/toolchains/arm-linux-androideabi-4.4.3/prebuilt/darwin-x86/bin/arm-linux-androideabi-g++    --sysroot=/Developer/SDKs/android-ndk-r6/platforms/android-8/arch-arm -fPIC -DANDROID -Wno-psabi -fsigned-char -mthumb -march=armv7-a -mfloat-abi=softfp   -I/Developer/SDKs/android-ndk-r6/sources/cxx-stl/gnu-libstdc++/include -I/Developer/SDKs/android-ndk-r6/sources/cxx-stl/gnu-libstdc++/libs/armeabi-v7a/include    -o CMakeFiles/cmTryCompileExec.dir/testCXXCompiler.cxx.o -c /workspace/OpenCV-2.3.0/android/apps/FaceRecognition/build/CMakeFiles/CMakeTmp/testCXXCompiler.cxx
Linking CXX executable cmTryCompileExec
"/Applications/CMake 2.8-5.app/Contents/bin/cmake" -E cmake_link_script CMakeFiles/cmTryCompileExec.dir/link.txt --verbose=1
/Developer/SDKs/android-ndk-r6/toolchains/arm-linux-androideabi-4.4.3/prebuilt/darwin-x86/bin/arm-linux-androideabi-g++    --sysroot=/Developer/SDKs/android-ndk-r6/platforms/android-8/arch-arm -fPIC -DANDROID -Wno-psabi -fsigned-char -mthumb -march=armv7-a -mfloat-abi=softfp    -Wl,--no-undefined -Wl,--fix-cortex-a8 -L/Developer/SDKs/android-ndk-r6/sources/cxx-stl/gnu-libstdc++/libs/armeabi-v7a -L/lib -lstdc++ -lsupc++  CMakeFiles/cmTryCompileExec.dir/testCXXCompiler.cxx.o  -o cmTryCompileExec -rdynamic 


Detecting CXX compiler ABI info compiled with the following output:
Change Dir: /workspace/OpenCV-2.3.0/android/apps/FaceRecognition/build/CMakeFiles/CMakeTmp

Run Build Command:/usr/bin/make "cmTryCompileExec/fast"
/usr/bin/make -f CMakeFiles/cmTryCompileExec.dir/build.make CMakeFiles/cmTryCompileExec.dir/build
"/Applications/CMake 2.8-5.app/Contents/bin/cmake" -E cmake_progress_report /workspace/OpenCV-2.3.0/android/apps/FaceRecognition/build/CMakeFiles/CMakeTmp/CMakeFiles 1
Building CXX object CMakeFiles/cmTryCompileExec.dir/CMakeCXXCompilerABI.cpp.o
/Developer/SDKs/android-ndk-r6/toolchains/arm-linux-androideabi-4.4.3/prebuilt/darwin-x86/bin/arm-linux-androideabi-g++    --sysroot=/Developer/SDKs/android-ndk-r6/platforms/android-8/arch-arm -fPIC -DANDROID -Wno-psabi -fsigned-char -mthumb -march=armv7-a -mfloat-abi=softfp   -I/Developer/SDKs/android-ndk-r6/sources/cxx-stl/gnu-libstdc++/include -I/Developer/SDKs/android-ndk-r6/sources/cxx-stl/gnu-libstdc++/libs/armeabi-v7a/include    -o CMakeFiles/cmTryCompileExec.dir/CMakeCXXCompilerABI.cpp.o -c "/Applications/CMake 2.8-5.app/Contents/share/cmake-2.8/Modules/CMakeCXXCompilerABI.cpp"
Linking CXX executable cmTryCompileExec
"/Applications/CMake 2.8-5.app/Contents/bin/cmake" -E cmake_link_script CMakeFiles/cmTryCompileExec.dir/link.txt --verbose=1
/Developer/SDKs/android-ndk-r6/toolchains/arm-linux-androideabi-4.4.3/prebuilt/darwin-x86/bin/arm-linux-androideabi-g++    --sysroot=/Developer/SDKs/android-ndk-r6/platforms/android-8/arch-arm -fPIC -DANDROID -Wno-psabi -fsigned-char -mthumb -march=armv7-a -mfloat-abi=softfp    -Wl,--no-undefined -Wl,--fix-cortex-a8 -L/Developer/SDKs/android-ndk-r6/sources/cxx-stl/gnu-libstdc++/libs/armeabi-v7a -L/lib -lstdc++ -lsupc++  CMakeFiles/cmTryCompileExec.dir/CMakeCXXCompilerABI.cpp.o  -o cmTryCompileExec -rdynamic  


Parsed CXX implicit link information from above output:
  link line regex: [^( *|.*[/\])(arm-linux-androideabi-ld|ld|collect2)[^/\]*( |$)]
  ignore line: [Change Dir: /workspace/OpenCV-2.3.0/android/apps/FaceRecognition/build/CMakeFiles/CMakeTmp]
  ignore line: []
  ignore line: [Run Build Command:/usr/bin/make "cmTryCompileExec/fast"]
  ignore line: [/usr/bin/make -f CMakeFiles/cmTryCompileExec.dir/build.make CMakeFiles/cmTryCompileExec.dir/build]
  ignore line: ["/Applications/CMake 2.8-5.app/Contents/bin/cmake" -E cmake_progress_report /workspace/OpenCV-2.3.0/android/apps/FaceRecognition/build/CMakeFiles/CMakeTmp/CMakeFiles 1]
  ignore line: [Building CXX object CMakeFiles/cmTryCompileExec.dir/CMakeCXXCompilerABI.cpp.o]
  ignore line: [/Developer/SDKs/android-ndk-r6/toolchains/arm-linux-androideabi-4.4.3/prebuilt/darwin-x86/bin/arm-linux-androideabi-g++    --sysroot=/Developer/SDKs/android-ndk-r6/platforms/android-8/arch-arm -fPIC -DANDROID -Wno-psabi -fsigned-char -mthumb -march=armv7-a -mfloat-abi=softfp   -I/Developer/SDKs/android-ndk-r6/sources/cxx-stl/gnu-libstdc++/include -I/Developer/SDKs/android-ndk-r6/sources/cxx-stl/gnu-libstdc++/libs/armeabi-v7a/include    -o CMakeFiles/cmTryCompileExec.dir/CMakeCXXCompilerABI.cpp.o -c "/Applications/CMake 2.8-5.app/Contents/share/cmake-2.8/Modules/CMakeCXXCompilerABI.cpp"]
  ignore line: [Linking CXX executable cmTryCompileExec]
  ignore line: ["/Applications/CMake 2.8-5.app/Contents/bin/cmake" -E cmake_link_script CMakeFiles/cmTryCompileExec.dir/link.txt --verbose=1]
  ignore line: [/Developer/SDKs/android-ndk-r6/toolchains/arm-linux-androideabi-4.4.3/prebuilt/darwin-x86/bin/arm-linux-androideabi-g++    --sysroot=/Developer/SDKs/android-ndk-r6/platforms/android-8/arch-arm -fPIC -DANDROID -Wno-psabi -fsigned-char -mthumb -march=armv7-a -mfloat-abi=softfp    -Wl,--no-undefined -Wl,--fix-cortex-a8 -L/Developer/SDKs/android-ndk-r6/sources/cxx-stl/gnu-libstdc++/libs/armeabi-v7a -L/lib -lstdc++ -lsupc++  CMakeFiles/cmTryCompileExec.dir/CMakeCXXCompilerABI.cpp.o  -o cmTryCompileExec -rdynamic  ]
  ignore line: []
  implicit libs: []
  implicit dirs: []


